2022-02-21T07:29:45+00:00 CRITICAL Uncaught Error: Call to a member function get_type() on string in E:\xampp\htdocs\cosmic\wp-content\themes\thecosmicdolphin\inc\template-functions.php:58
Stack trace:
#0 E:\xampp\htdocs\cosmic\wp-content\themes\thecosmicdolphin\inc\any-actions.php(23): true_breadcrumbs()
#1 E:\xampp\htdocs\cosmic\wp-includes\class-wp-hook.php(307): breadcrumbs('')
#2 E:\xampp\htdocs\cosmic\wp-includes\class-wp-hook.php(331): WP_Hook->apply_filters('', Array)
#3 E:\xampp\htdocs\cosmic\wp-includes\plugin.php(474): WP_Hook->do_action(Array)
#4 E:\xampp\htdocs\cosmic\wp-content\themes\thecosmicdolphin\single-product.php(16): do_action('breadcrumbs')
#5 E:\xampp\htdocs\cosmic\wp-includes\template-loader.php(106): include('E:\\xampp\\htdocs...')
#6 E:\xampp\htdocs\cosmic\wp-blog-header.php(19): require_once('E:\\xampp\\htdocs...')
#7 E:\xampp\htdocs\cosmic\index.php(17): require('E:\\xampp\\htdocs...')
#8 {main}
  thrown in E:\xampp\htdocs\cosmic\wp-content\themes\thecosmicdolphin\inc\template-functions.php on line 58

2022-02-21T07:30:25+00:00 CRITICAL Uncaught Error: Call to a member function get_type() on string in E:\xampp\htdocs\cosmic\wp-content\themes\thecosmicdolphin\inc\template-functions.php:58
Stack trace:
#0 E:\xampp\htdocs\cosmic\wp-content\themes\thecosmicdolphin\inc\any-actions.php(23): true_breadcrumbs()
#1 E:\xampp\htdocs\cosmic\wp-includes\class-wp-hook.php(307): breadcrumbs('')
#2 E:\xampp\htdocs\cosmic\wp-includes\class-wp-hook.php(331): WP_Hook->apply_filters('', Array)
#3 E:\xampp\htdocs\cosmic\wp-includes\plugin.php(474): WP_Hook->do_action(Array)
#4 E:\xampp\htdocs\cosmic\wp-content\themes\thecosmicdolphin\single-product.php(16): do_action('breadcrumbs')
#5 E:\xampp\htdocs\cosmic\wp-includes\template-loader.php(106): include('E:\\xampp\\htdocs...')
#6 E:\xampp\htdocs\cosmic\wp-blog-header.php(19): require_once('E:\\xampp\\htdocs...')
#7 E:\xampp\htdocs\cosmic\index.php(17): require('E:\\xampp\\htdocs...')
#8 {main}
  thrown in E:\xampp\htdocs\cosmic\wp-content\themes\thecosmicdolphin\inc\template-functions.php on line 58

2022-02-21T07:31:09+00:00 CRITICAL Uncaught Error: Call to a member function get_type() on string in E:\xampp\htdocs\cosmic\wp-content\themes\thecosmicdolphin\inc\template-functions.php:61
Stack trace:
#0 E:\xampp\htdocs\cosmic\wp-content\themes\thecosmicdolphin\inc\any-actions.php(23): true_breadcrumbs()
#1 E:\xampp\htdocs\cosmic\wp-includes\class-wp-hook.php(307): breadcrumbs('')
#2 E:\xampp\htdocs\cosmic\wp-includes\class-wp-hook.php(331): WP_Hook->apply_filters('', Array)
#3 E:\xampp\htdocs\cosmic\wp-includes\plugin.php(474): WP_Hook->do_action(Array)
#4 E:\xampp\htdocs\cosmic\wp-content\themes\thecosmicdolphin\single-product.php(16): do_action('breadcrumbs')
#5 E:\xampp\htdocs\cosmic\wp-includes\template-loader.php(106): include('E:\\xampp\\htdocs...')
#6 E:\xampp\htdocs\cosmic\wp-blog-header.php(19): require_once('E:\\xampp\\htdocs...')
#7 E:\xampp\htdocs\cosmic\index.php(17): require('E:\\xampp\\htdocs...')
#8 {main}
  thrown in E:\xampp\htdocs\cosmic\wp-content\themes\thecosmicdolphin\inc\template-functions.php on line 61

2022-02-21T07:32:13+00:00 CRITICAL Uncaught Error: Call to a member function get_type() on string in E:\xampp\htdocs\cosmic\wp-content\themes\thecosmicdolphin\inc\template-functions.php:58
Stack trace:
#0 E:\xampp\htdocs\cosmic\wp-content\themes\thecosmicdolphin\inc\any-actions.php(23): true_breadcrumbs()
#1 E:\xampp\htdocs\cosmic\wp-includes\class-wp-hook.php(307): breadcrumbs('')
#2 E:\xampp\htdocs\cosmic\wp-includes\class-wp-hook.php(331): WP_Hook->apply_filters('', Array)
#3 E:\xampp\htdocs\cosmic\wp-includes\plugin.php(474): WP_Hook->do_action(Array)
#4 E:\xampp\htdocs\cosmic\wp-content\themes\thecosmicdolphin\single-product.php(16): do_action('breadcrumbs')
#5 E:\xampp\htdocs\cosmic\wp-includes\template-loader.php(106): include('E:\\xampp\\htdocs...')
#6 E:\xampp\htdocs\cosmic\wp-blog-header.php(19): require_once('E:\\xampp\\htdocs...')
#7 E:\xampp\htdocs\cosmic\index.php(17): require('E:\\xampp\\htdocs...')
#8 {main}
  thrown in E:\xampp\htdocs\cosmic\wp-content\themes\thecosmicdolphin\inc\template-functions.php on line 58

